<?xml version="1.0" encoding="UTF-8"?>
<!-- Generated by org.testng.reporters.JUnitXMLReporter -->
<testsuite ignored="0" hostname="MAHESH-LAPTOP" failures="1" tests="1" name="Opencart-LinuxEdge" time="10.068" errors="0" timestamp="2024-09-21T12:16:46 IST">
  <testcase classname="testCases.TC02_LoginTest" name="testUserLogin" time="6.02">
    <failure type="java.lang.AssertionError" message="null">
      <![CDATA[java.lang.AssertionError: null
at testCases.TC02_LoginTest.testUserLogin(TC02_LoginTest.java:57)
at java.base/java.util.ArrayList.forEach(ArrayList.java:1511)
... Removed 29 stack frames]]>
    </failure>
  </testcase> <!-- testUserLogin -->
</testsuite> <!-- Opencart-LinuxEdge -->
