<?xml version="1.0" encoding="UTF-8"?>
<!-- Generated by org.testng.reporters.JUnitXMLReporter -->
<testsuite ignored="0" hostname="MAHESH-LAPTOP" failures="0" tests="2" name="Opencart-FirefoxTest" time="24.345" errors="0" timestamp="2024-09-19T08:19:15 IST">
  <testcase classname="testCases.TC_01_RegistrationTest" name="validate_userRegistration" time="6.028"/>
  <testcase classname="testCases.TC_01_RegistrationTest" name="validate_userRegistration" time="3.891"/>
</testsuite> <!-- Opencart-FirefoxTest -->
