<?xml version="1.0" encoding="UTF-8"?>
<!-- Generated by org.testng.reporters.JUnitXMLReporter -->
<testsuite ignored="0" hostname="MAHESH-LAPTOP" failures="0" tests="2" name="Opencart-EdgeTest" time="21.302" errors="0" timestamp="2024-09-19T08:19:12 IST">
  <testcase classname="testCases.TC_01_RegistrationTest" name="validate_userRegistration" time="7.506"/>
  <testcase classname="testCases.TC_01_RegistrationTest" name="validate_userRegistration" time="5.031"/>
</testsuite> <!-- Opencart-EdgeTest -->
