<?xml version="1.0" encoding="UTF-8"?>
<testng-results ignored="0" total="2" passed="2" failed="0" skipped="0">
  <reporter-output>
  </reporter-output>
  <suite started-at="2024-09-21T12:30:08 IST" name="Opencart-Automation" finished-at="2024-09-21T12:30:41 IST" duration-ms="32840">
    <groups>
      <group name="Master">
        <method signature="TC02_LoginTest.testUserLogin()[pri:0, instance:testCases.TC02_LoginTest@45efc20d]" name="testUserLogin" class="testCases.TC02_LoginTest"/>
        <method signature="TC02_LoginTest.testUserLogin()[pri:0, instance:testCases.TC02_LoginTest@75f5fd58]" name="testUserLogin" class="testCases.TC02_LoginTest"/>
      </group> <!-- Master -->
      <group name="Sanity">
        <method signature="TC02_LoginTest.testUserLogin()[pri:0, instance:testCases.TC02_LoginTest@45efc20d]" name="testUserLogin" class="testCases.TC02_LoginTest"/>
        <method signature="TC02_LoginTest.testUserLogin()[pri:0, instance:testCases.TC02_LoginTest@75f5fd58]" name="testUserLogin" class="testCases.TC02_LoginTest"/>
      </group> <!-- Sanity -->
    </groups>
    <test started-at="2024-09-21T12:30:08 IST" name="Opencart-LinuxChrome" finished-at="2024-09-21T12:30:18 IST" duration-ms="9864">
      <class name="testCases.TC02_LoginTest">
        <test-method is-config="true" signature="setup(java.lang.String,java.lang.String)[pri:0, instance:testCases.TC02_LoginTest@45efc20d]" started-at="2024-09-21T12:30:08 IST" name="setup" finished-at="2024-09-21T12:30:12 IST" duration-ms="3857" status="PASS">
          <params>
            <param index="0">
              <value>
                <![CDATA[Linux]]>
              </value>
            </param>
            <param index="1">
              <value>
                <![CDATA[Chrome]]>
              </value>
            </param>
          </params>
          <reporter-output>
          </reporter-output>
        </test-method> <!-- setup -->
        <test-method signature="testUserLogin()[pri:0, instance:testCases.TC02_LoginTest@45efc20d]" started-at="2024-09-21T12:30:12 IST" name="testUserLogin" finished-at="2024-09-21T12:30:17 IST" duration-ms="5495" status="PASS">
          <reporter-output>
          </reporter-output>
        </test-method> <!-- testUserLogin -->
        <test-method is-config="true" signature="teardown()[pri:0, instance:testCases.TC02_LoginTest@45efc20d]" started-at="2024-09-21T12:30:17 IST" name="teardown" finished-at="2024-09-21T12:30:18 IST" duration-ms="101" status="PASS">
          <reporter-output>
          </reporter-output>
        </test-method> <!-- teardown -->
      </class> <!-- testCases.TC02_LoginTest -->
    </test> <!-- Opencart-LinuxChrome -->
    <test started-at="2024-09-21T12:30:19 IST" name="Opencart-LinuxFirefox" finished-at="2024-09-21T12:30:41 IST" duration-ms="21208">
      <class name="testCases.TC02_LoginTest">
        <test-method is-config="true" signature="setup(java.lang.String,java.lang.String)[pri:0, instance:testCases.TC02_LoginTest@75f5fd58]" started-at="2024-09-21T12:30:19 IST" name="setup" finished-at="2024-09-21T12:30:25 IST" duration-ms="5791" status="PASS">
          <params>
            <param index="0">
              <value>
                <![CDATA[Linux]]>
              </value>
            </param>
            <param index="1">
              <value>
                <![CDATA[Firefox]]>
              </value>
            </param>
          </params>
          <reporter-output>
          </reporter-output>
        </test-method> <!-- setup -->
        <test-method signature="testUserLogin()[pri:0, instance:testCases.TC02_LoginTest@75f5fd58]" started-at="2024-09-21T12:30:25 IST" name="testUserLogin" finished-at="2024-09-21T12:30:39 IST" duration-ms="14246" status="PASS">
          <reporter-output>
          </reporter-output>
        </test-method> <!-- testUserLogin -->
        <test-method is-config="true" signature="teardown()[pri:0, instance:testCases.TC02_LoginTest@75f5fd58]" started-at="2024-09-21T12:30:39 IST" name="teardown" finished-at="2024-09-21T12:30:41 IST" duration-ms="1133" status="PASS">
          <reporter-output>
          </reporter-output>
        </test-method> <!-- teardown -->
      </class> <!-- testCases.TC02_LoginTest -->
    </test> <!-- Opencart-LinuxFirefox -->
  </suite> <!-- Opencart-Automation -->
</testng-results>
